0 info it worked if it ends with ok
1 verbose cli [ '/usr/local/bin/node', '/usr/local/bin/npm', 'install' ]
2 info using npm@2.3.0
3 info using node@v0.11.16
4 verbose node symlink /usr/local/bin/node
5 verbose config Skipping project config: /Users/tangjiacheng/.npmrc. (matches userconfig)
6 error install Couldn't read dependencies
7 verbose stack Error: ENOENT, open '/Users/tangjiacheng/package.json'
7 verbose stack     at Error (native)
8 verbose cwd /Users/tangjiacheng/studydata/test/8.31/koa
9 error Darwin 16.6.0
10 error argv "/usr/local/bin/node" "/usr/local/bin/npm" "install"
11 error node v0.11.16
12 error npm  v2.3.0
13 error path /Users/tangjiacheng/package.json
14 error code ENOPACKAGEJSON
15 error errno -2
16 error package.json ENOENT, open '/Users/tangjiacheng/package.json'
16 error package.json This is most likely not a problem with npm itself.
16 error package.json npm can't find a package.json file in your current directory.
17 verbose exit [ -2, true ]
